{
  "stats": {
    "suites": 1,
    "tests": 14,
    "passes": 14,
    "pending": 0,
    "failures": 0,
    "start": "2025-03-05T13:59:08.346Z",
    "end": "2025-03-05T13:59:28.403Z",
    "duration": 20057,
    "testsRegistered": 14,
    "passPercent": 100,
    "pendingPercent": 0,
    "other": 0,
    "hasOther": false,
    "skipped": 0,
    "hasSkipped": false
  },
  "results": [
    {
      "uuid": "f45cf7dd-45f9-4a3a-9746-429d0ae78b6f",
      "title": "",
      "fullFile": "cypress/e2e/2-advanced-examples/actions.cy.js",
      "file": "cypress/e2e/2-advanced-examples/actions.cy.js",
      "beforeHooks": [],
      "afterHooks": [],
      "tests": [],
      "suites": [
        {
          "uuid": "52333e77-a710-45a2-97a9-f13e736303aa",
          "title": "Actions",
          "fullFile": "",
          "file": "",
          "beforeHooks": [],
          "afterHooks": [],
          "tests": [
            {
              "title": ".type() - type into a DOM element",
              "fullTitle": "Actions .type() - type into a DOM element",
              "timedOut": null,
              "duration": 4712,
              "state": "passed",
              "speed": "fast",
              "pass": true,
              "fail": false,
              "pending": false,
              "context": null,
              "code": "// https://on.cypress.io/type\ncy.get('.action-email').type('fake@email.com');\ncy.get('.action-email').should('have.value', 'fake@email.com');\n// .type() with special character sequences\ncy.get('.action-email').type('{leftarrow}{rightarrow}{uparrow}{downarrow}');\ncy.get('.action-email').type('{del}{selectall}{backspace}');\n// .type() with key modifiers\ncy.get('.action-email').type('{alt}{option}'); //these are equivalent\ncy.get('.action-email').type('{ctrl}{control}'); //these are equivalent\ncy.get('.action-email').type('{meta}{command}{cmd}'); //these are equivalent\ncy.get('.action-email').type('{shift}');\n// Delay each keypress by 0.1 sec\ncy.get('.action-email').type('slow.typing@email.com', {\n  delay: 100\n});\ncy.get('.action-email').should('have.value', 'slow.typing@email.com');\ncy.get('.action-disabled')\n// Ignore error checking prior to type\n// like whether the input is visible or disabled\n.type('disabled error checking', {\n  force: true\n});\ncy.get('.action-disabled').should('have.value', 'disabled error checking');",
              "err": {},
              "uuid": "0ce8b749-55f2-4719-b413-4c0b604c949b",
              "parentUUID": "52333e77-a710-45a2-97a9-f13e736303aa",
              "isHook": false,
              "skipped": false
            },
            {
              "title": ".focus() - focus on a DOM element",
              "fullTitle": "Actions .focus() - focus on a DOM element",
              "timedOut": null,
              "duration": 278,
              "state": "passed",
              "speed": "fast",
              "pass": true,
              "fail": false,
              "pending": false,
              "context": null,
              "code": "// https://on.cypress.io/focus\ncy.get('.action-focus').focus();\ncy.get('.action-focus').should('have.class', 'focus').prev().should('have.attr', 'style', 'color: orange;');",
              "err": {},
              "uuid": "e3da3484-0d32-4b2d-9b70-644fc815fcd5",
              "parentUUID": "52333e77-a710-45a2-97a9-f13e736303aa",
              "isHook": false,
              "skipped": false
            },
            {
              "title": ".blur() - blur off a DOM element",
              "fullTitle": "Actions .blur() - blur off a DOM element",
              "timedOut": null,
              "duration": 612,
              "state": "passed",
              "speed": "fast",
              "pass": true,
              "fail": false,
              "pending": false,
              "context": null,
              "code": "// https://on.cypress.io/blur\ncy.get('.action-blur').type('About to blur');\ncy.get('.action-blur').blur();\ncy.get('.action-blur').should('have.class', 'error').prev().should('have.attr', 'style', 'color: red;');",
              "err": {},
              "uuid": "3c0e050f-19d9-4495-a070-3db2b6cf6202",
              "parentUUID": "52333e77-a710-45a2-97a9-f13e736303aa",
              "isHook": false,
              "skipped": false
            },
            {
              "title": ".clear() - clears an input or textarea element",
              "fullTitle": "Actions .clear() - clears an input or textarea element",
              "timedOut": null,
              "duration": 742,
              "state": "passed",
              "speed": "fast",
              "pass": true,
              "fail": false,
              "pending": false,
              "context": null,
              "code": "// https://on.cypress.io/clear\ncy.get('.action-clear').type('Clear this text');\ncy.get('.action-clear').should('have.value', 'Clear this text');\ncy.get('.action-clear').clear();\ncy.get('.action-clear').should('have.value', '');",
              "err": {},
              "uuid": "72c9e333-5ebd-439a-ad0e-aefc2a611d05",
              "parentUUID": "52333e77-a710-45a2-97a9-f13e736303aa",
              "isHook": false,
              "skipped": false
            },
            {
              "title": ".submit() - submit a form",
              "fullTitle": "Actions .submit() - submit a form",
              "timedOut": null,
              "duration": 519,
              "state": "passed",
              "speed": "fast",
              "pass": true,
              "fail": false,
              "pending": false,
              "context": null,
              "code": "// https://on.cypress.io/submit\ncy.get('.action-form').find('[type=\"text\"]').type('HALFOFF');\ncy.get('.action-form').submit();\ncy.get('.action-form').next().should('contain', 'Your form has been submitted!');",
              "err": {},
              "uuid": "3e677256-098b-4fe8-bfd4-071f5fd2ad0c",
              "parentUUID": "52333e77-a710-45a2-97a9-f13e736303aa",
              "isHook": false,
              "skipped": false
            },
            {
              "title": ".click() - click on a DOM element",
              "fullTitle": "Actions .click() - click on a DOM element",
              "timedOut": null,
              "duration": 2505,
              "state": "passed",
              "speed": "fast",
              "pass": true,
              "fail": false,
              "pending": false,
              "context": null,
              "code": "// https://on.cypress.io/click\ncy.get('.action-btn').click();\n// You can click on 9 specific positions of an element:\n//  -----------------------------------\n// | topLeft        top       topRight |\n// |                                   |\n// |                                   |\n// |                                   |\n// | left          center        right |\n// |                                   |\n// |                                   |\n// |                                   |\n// | bottomLeft   bottom   bottomRight |\n//  -----------------------------------\n// clicking in the center of the element is the default\ncy.get('#action-canvas').click();\ncy.get('#action-canvas').click('topLeft');\ncy.get('#action-canvas').click('top');\ncy.get('#action-canvas').click('topRight');\ncy.get('#action-canvas').click('left');\ncy.get('#action-canvas').click('right');\ncy.get('#action-canvas').click('bottomLeft');\ncy.get('#action-canvas').click('bottom');\ncy.get('#action-canvas').click('bottomRight');\n// .click() accepts an x and y coordinate\n// that controls where the click occurs :)\ncy.get('#action-canvas');\ncy.get('#action-canvas').click(80, 75); // click 80px on x coord and 75px on y coord\ncy.get('#action-canvas').click(170, 75);\ncy.get('#action-canvas').click(80, 165);\ncy.get('#action-canvas').click(100, 185);\ncy.get('#action-canvas').click(125, 190);\ncy.get('#action-canvas').click(150, 185);\ncy.get('#action-canvas').click(170, 165);\n// click multiple elements by passing multiple: true\ncy.get('.action-labels>.label').click({\n  multiple: true\n});\n// Ignore error checking prior to clicking\ncy.get('.action-opacity>.btn').click({\n  force: true\n});",
              "err": {},
              "uuid": "1cc3a69d-ae18-4b6e-995b-7efaa591f4be",
              "parentUUID": "52333e77-a710-45a2-97a9-f13e736303aa",
              "isHook": false,
              "skipped": false
            },
            {
              "title": ".dblclick() - double click on a DOM element",
              "fullTitle": "Actions .dblclick() - double click on a DOM element",
              "timedOut": null,
              "duration": 320,
              "state": "passed",
              "speed": "fast",
              "pass": true,
              "fail": false,
              "pending": false,
              "context": null,
              "code": "// https://on.cypress.io/dblclick\n// Our app has a listener on 'dblclick' event in our 'scripts.js'\n// that hides the div and shows an input on double click\ncy.get('.action-div').dblclick();\ncy.get('.action-div').should('not.be.visible');\ncy.get('.action-input-hidden').should('be.visible');",
              "err": {},
              "uuid": "9ed02c8d-132d-47ee-ada6-02f3320a94bb",
              "parentUUID": "52333e77-a710-45a2-97a9-f13e736303aa",
              "isHook": false,
              "skipped": false
            },
            {
              "title": ".rightclick() - right click on a DOM element",
              "fullTitle": "Actions .rightclick() - right click on a DOM element",
              "timedOut": null,
              "duration": 336,
              "state": "passed",
              "speed": "fast",
              "pass": true,
              "fail": false,
              "pending": false,
              "context": null,
              "code": "// https://on.cypress.io/rightclick\n// Our app has a listener on 'contextmenu' event in our 'scripts.js'\n// that hides the div and shows an input on right click\ncy.get('.rightclick-action-div').rightclick();\ncy.get('.rightclick-action-div').should('not.be.visible');\ncy.get('.rightclick-action-input-hidden').should('be.visible');",
              "err": {},
              "uuid": "d69833c7-407f-434d-bfa0-d702ee509424",
              "parentUUID": "52333e77-a710-45a2-97a9-f13e736303aa",
              "isHook": false,
              "skipped": false
            },
            {
              "title": ".check() - check a checkbox or radio element",
              "fullTitle": "Actions .check() - check a checkbox or radio element",
              "timedOut": null,
              "duration": 1124,
              "state": "passed",
              "speed": "fast",
              "pass": true,
              "fail": false,
              "pending": false,
              "context": null,
              "code": "// https://on.cypress.io/check\n// By default, .check() will check all\n// matching checkbox or radio elements in succession, one after another\ncy.get('.action-checkboxes [type=\"checkbox\"]').not('[disabled]').check();\ncy.get('.action-checkboxes [type=\"checkbox\"]').not('[disabled]').should('be.checked');\ncy.get('.action-radios [type=\"radio\"]').not('[disabled]').check();\ncy.get('.action-radios [type=\"radio\"]').not('[disabled]').should('be.checked');\n// .check() accepts a value argument\ncy.get('.action-radios [type=\"radio\"]').check('radio1');\ncy.get('.action-radios [type=\"radio\"]').should('be.checked');\n// .check() accepts an array of values\ncy.get('.action-multiple-checkboxes [type=\"checkbox\"]').check(['checkbox1', 'checkbox2']);\ncy.get('.action-multiple-checkboxes [type=\"checkbox\"]').should('be.checked');\n// Ignore error checking prior to checking\ncy.get('.action-checkboxes [disabled]').check({\n  force: true\n});\ncy.get('.action-checkboxes [disabled]').should('be.checked');\ncy.get('.action-radios [type=\"radio\"]').check('radio3', {\n  force: true\n});\ncy.get('.action-radios [type=\"radio\"]').should('be.checked');",
              "err": {},
              "uuid": "97b5b789-941f-45ab-bbe4-a8b4e6adecf8",
              "parentUUID": "52333e77-a710-45a2-97a9-f13e736303aa",
              "isHook": false,
              "skipped": false
            },
            {
              "title": ".uncheck() - uncheck a checkbox element",
              "fullTitle": "Actions .uncheck() - uncheck a checkbox element",
              "timedOut": null,
              "duration": 1183,
              "state": "passed",
              "speed": "fast",
              "pass": true,
              "fail": false,
              "pending": false,
              "context": null,
              "code": "// https://on.cypress.io/uncheck\n// By default, .uncheck() will uncheck all matching\n// checkbox elements in succession, one after another\ncy.get('.action-check [type=\"checkbox\"]').not('[disabled]').uncheck();\ncy.get('.action-check [type=\"checkbox\"]').not('[disabled]').should('not.be.checked');\n// .uncheck() accepts a value argument\ncy.get('.action-check [type=\"checkbox\"]').check('checkbox1');\ncy.get('.action-check [type=\"checkbox\"]').uncheck('checkbox1');\ncy.get('.action-check [type=\"checkbox\"][value=\"checkbox1\"]').should('not.be.checked');\n// .uncheck() accepts an array of values\ncy.get('.action-check [type=\"checkbox\"]').check(['checkbox1', 'checkbox3']);\ncy.get('.action-check [type=\"checkbox\"]').uncheck(['checkbox1', 'checkbox3']);\ncy.get('.action-check [type=\"checkbox\"][value=\"checkbox1\"]').should('not.be.checked');\ncy.get('.action-check [type=\"checkbox\"][value=\"checkbox3\"]').should('not.be.checked');\n// Ignore error checking prior to unchecking\ncy.get('.action-check [disabled]').uncheck({\n  force: true\n});\ncy.get('.action-check [disabled]').should('not.be.checked');",
              "err": {},
              "uuid": "6a4fb374-908e-400c-a8b7-97d5786add36",
              "parentUUID": "52333e77-a710-45a2-97a9-f13e736303aa",
              "isHook": false,
              "skipped": false
            },
            {
              "title": ".select() - select an option in a <select> element",
              "fullTitle": "Actions .select() - select an option in a <select> element",
              "timedOut": null,
              "duration": 1097,
              "state": "passed",
              "speed": "fast",
              "pass": true,
              "fail": false,
              "pending": false,
              "context": null,
              "code": "// https://on.cypress.io/select\n// at first, no option should be selected\ncy.get('.action-select').should('have.value', '--Select a fruit--');\n// Select option(s) with matching text content\ncy.get('.action-select').select('apples');\n// confirm the apples were selected\n// note that each value starts with \"fr-\" in our HTML\ncy.get('.action-select').should('have.value', 'fr-apples');\ncy.get('.action-select-multiple').select(['apples', 'oranges', 'bananas']);\ncy.get('.action-select-multiple')\n// when getting multiple values, invoke \"val\" method first\n.invoke('val').should('deep.equal', ['fr-apples', 'fr-oranges', 'fr-bananas']);\n// Select option(s) with matching value\ncy.get('.action-select').select('fr-bananas');\ncy.get('.action-select')\n// can attach an assertion right away to the element\n.should('have.value', 'fr-bananas');\ncy.get('.action-select-multiple').select(['fr-apples', 'fr-oranges', 'fr-bananas']);\ncy.get('.action-select-multiple').invoke('val').should('deep.equal', ['fr-apples', 'fr-oranges', 'fr-bananas']);\n// assert the selected values include oranges\ncy.get('.action-select-multiple').invoke('val').should('include', 'fr-oranges');",
              "err": {},
              "uuid": "60eb1293-6217-4e7f-9ebc-76a71de643e2",
              "parentUUID": "52333e77-a710-45a2-97a9-f13e736303aa",
              "isHook": false,
              "skipped": false
            },
            {
              "title": ".scrollIntoView() - scroll an element into view",
              "fullTitle": "Actions .scrollIntoView() - scroll an element into view",
              "timedOut": null,
              "duration": 276,
              "state": "passed",
              "speed": "fast",
              "pass": true,
              "fail": false,
              "pending": false,
              "context": null,
              "code": "// https://on.cypress.io/scrollintoview\n// normally all of these buttons are hidden,\n// because they're not within\n// the viewable area of their parent\n// (we need to scroll to see them)\ncy.get('#scroll-horizontal button').should('not.be.visible');\n// scroll the button into view, as if the user had scrolled\ncy.get('#scroll-horizontal button').scrollIntoView();\ncy.get('#scroll-horizontal button').should('be.visible');\ncy.get('#scroll-vertical button').should('not.be.visible');\n// Cypress handles the scroll direction needed\ncy.get('#scroll-vertical button').scrollIntoView();\ncy.get('#scroll-vertical button').should('be.visible');\ncy.get('#scroll-both button').should('not.be.visible');\n// Cypress knows to scroll to the right and down\ncy.get('#scroll-both button').scrollIntoView();\ncy.get('#scroll-both button').should('be.visible');",
              "err": {},
              "uuid": "75f2d2b9-136c-4210-b64c-4c229c01e3ee",
              "parentUUID": "52333e77-a710-45a2-97a9-f13e736303aa",
              "isHook": false,
              "skipped": false
            },
            {
              "title": ".trigger() - trigger an event on a DOM element",
              "fullTitle": "Actions .trigger() - trigger an event on a DOM element",
              "timedOut": null,
              "duration": 254,
              "state": "passed",
              "speed": "fast",
              "pass": true,
              "fail": false,
              "pending": false,
              "context": null,
              "code": "// https://on.cypress.io/trigger\n// To interact with a range input (slider)\n// we need to set its value & trigger the\n// event to signal it changed\n// Here, we invoke jQuery's val() method to set\n// the value and trigger the 'change' event\ncy.get('.trigger-input-range').invoke('val', 25);\ncy.get('.trigger-input-range').trigger('change');\ncy.get('.trigger-input-range').get('input[type=range]').siblings('p').should('have.text', '25');",
              "err": {},
              "uuid": "b00adda7-7902-42e6-9805-0492ae380d65",
              "parentUUID": "52333e77-a710-45a2-97a9-f13e736303aa",
              "isHook": false,
              "skipped": false
            },
            {
              "title": "cy.scrollTo() - scroll the window or element to a position",
              "fullTitle": "Actions cy.scrollTo() - scroll the window or element to a position",
              "timedOut": null,
              "duration": 2602,
              "state": "passed",
              "speed": "fast",
              "pass": true,
              "fail": false,
              "pending": false,
              "context": null,
              "code": "// https://on.cypress.io/scrollto\n// You can scroll to 9 specific positions of an element:\n//  -----------------------------------\n// | topLeft        top       topRight |\n// |                                   |\n// |                                   |\n// |                                   |\n// | left          center        right |\n// |                                   |\n// |                                   |\n// |                                   |\n// | bottomLeft   bottom   bottomRight |\n//  -----------------------------------\n// if you chain .scrollTo() off of cy, we will\n// scroll the entire window\ncy.scrollTo('bottom');\ncy.get('#scrollable-horizontal').scrollTo('right');\n// or you can scroll to a specific coordinate:\n// (x axis, y axis) in pixels\ncy.get('#scrollable-vertical').scrollTo(250, 250);\n// or you can scroll to a specific percentage\n// of the (width, height) of the element\ncy.get('#scrollable-both').scrollTo('75%', '25%');\n// control the easing of the scroll (default is 'swing')\ncy.get('#scrollable-vertical').scrollTo('center', {\n  easing: 'linear'\n});\n// control the duration of the scroll (in ms)\ncy.get('#scrollable-both').scrollTo('center', {\n  duration: 2000\n});",
              "err": {},
              "uuid": "e5e7907c-4685-4177-9d9e-d52068f517bb",
              "parentUUID": "52333e77-a710-45a2-97a9-f13e736303aa",
              "isHook": false,
              "skipped": false
            }
          ],
          "suites": [],
          "passes": [
            "0ce8b749-55f2-4719-b413-4c0b604c949b",
            "e3da3484-0d32-4b2d-9b70-644fc815fcd5",
            "3c0e050f-19d9-4495-a070-3db2b6cf6202",
            "72c9e333-5ebd-439a-ad0e-aefc2a611d05",
            "3e677256-098b-4fe8-bfd4-071f5fd2ad0c",
            "1cc3a69d-ae18-4b6e-995b-7efaa591f4be",
            "9ed02c8d-132d-47ee-ada6-02f3320a94bb",
            "d69833c7-407f-434d-bfa0-d702ee509424",
            "97b5b789-941f-45ab-bbe4-a8b4e6adecf8",
            "6a4fb374-908e-400c-a8b7-97d5786add36",
            "60eb1293-6217-4e7f-9ebc-76a71de643e2",
            "75f2d2b9-136c-4210-b64c-4c229c01e3ee",
            "b00adda7-7902-42e6-9805-0492ae380d65",
            "e5e7907c-4685-4177-9d9e-d52068f517bb"
          ],
          "failures": [],
          "pending": [],
          "skipped": [],
          "duration": 16560,
          "root": false,
          "rootEmpty": false,
          "_timeout": 2000
        }
      ],
      "passes": [],
      "failures": [],
      "pending": [],
      "skipped": [],
      "duration": 0,
      "root": true,
      "rootEmpty": true,
      "_timeout": 2000
    }
  ],
  "meta": {
    "mocha": {
      "version": "7.0.1"
    },
    "mochawesome": {
      "options": {
        "quiet": false,
        "reportFilename": "mochawesome",
        "saveHtml": true,
        "saveJson": true,
        "consoleReporter": "spec",
        "useInlineDiffs": false,
        "code": true
      },
      "version": "7.1.3"
    },
    "marge": {
      "options": {
        "reportDir": "reports/mochawesome",
        "overwrite": false,
        "html": true,
        "json": true
      },
      "version": "6.2.0"
    }
  }
}